
   INFO  Server running on [http://188.225.42.19:8000].  

  Press Ctrl+C to stop the server

  2022-09-15 21:44:04 ................................................... ~ 0s
  2022-09-15 21:44:04 /favicon.ico ...................................... ~ 0s
  2022-09-15 21:44:11 ................................................... ~ 0s
  2022-09-15 21:44:11 /favicon.ico ...................................... ~ 0s
  2022-09-15 21:44:12 ................................................... ~ 0s
  2022-09-15 21:44:12 /favicon.ico ...................................... ~ 0s
  2022-09-15 21:44:12 ................................................... ~ 0s
  2022-09-15 21:44:12 /favicon.ico ...................................... ~ 0s
  2022-09-15 21:44:12 ................................................... ~ 0s
  2022-09-15 21:44:12 /favicon.ico ...................................... ~ 1s
  2022-09-15 21:44:15 ................................................... ~ 0s
  2022-09-15 21:44:15 /favicon.ico ...................................... ~ 0s
  2022-09-15 21:44:17 ................................................... ~ 0s
  2022-09-15 21:44:17 /favicon.ico ...................................... ~ 0s
  2022-09-15 21:44:17 ................................................... ~ 0s
  2022-09-15 21:44:17 /favicon.ico ...................................... ~ 0s
  2022-09-15 21:44:18 ................................................... ~ 0s
  2022-09-15 21:44:18 /favicon.ico ...................................... ~ 0s
  2022-09-15 21:44:25 ................................................... ~ 5s
  2022-09-15 21:44:29 /favicon.ico ...................................... ~ 1s
  2022-09-15 21:44:31 ................................................... ~ 0s
  2022-09-15 21:44:31 /favicon.ico ...................................... ~ 1s
  2022-09-15 21:44:32 ................................................... ~ 0s
  2022-09-15 21:44:32 /favicon.ico ...................................... ~ 0s
  2022-09-15 21:55:27 ................................................... ~ 0s
  2022-09-15 21:55:27 /favicon.ico ...................................... ~ 1s
  2022-09-15 22:05:25 ................................................... ~ 0s
  2022-09-15 22:05:25 /favicon.ico ..................................... ~ 19s
  2022-09-15 23:19:01 ................................................... ~ 1s
  2022-09-15 23:19:02 /favicon.ico ...................................... ~ 0s
  2022-09-15 23:19:55 ................................................... ~ 0s
  2022-09-15 23:19:55 ................................................... ~ 1s
  2022-09-15 23:19:56 /favicon.ico ...................................... ~ 0s
  2022-09-15 23:19:59 /favicon.ico ...................................... ~ 0s
  2022-09-15 23:19:59 ................................................... ~ 3s
  2022-09-15 23:20:02 /favicon.ico ...................................... ~ 0s
  2022-09-15 23:20:44 ................................................... ~ 0s
  2022-09-15 23:20:44 /favicon.ico ...................................... ~ 0s
  2022-09-15 23:21:43 ................................................... ~ 0s
  2022-09-15 23:21:43 /favicon.ico ...................................... ~ 0s
  2022-09-15 23:46:47 /favicon.ico ...................................... ~ 0s
  2022-09-15 23:46:47 .................................................. ~ 54s
  2022-09-15 23:47:42 /favicon.ico ...................................... ~ 0s
  2022-09-15 23:47:43 ................................................... ~ 0s
  2022-09-15 23:47:43 ................................................... ~ 0s
  2022-09-15 23:47:44 /favicon.ico ...................................... ~ 0s
  2022-09-15 23:47:44 ................................................... ~ 0s
  2022-09-15 23:47:44 ................................................... ~ 0s
  2022-09-15 23:47:44 /favicon.ico ...................................... ~ 0s
  2022-09-15 23:47:44 ................................................... ~ 0s
  2022-09-15 23:47:44 ................................................... ~ 0s
  2022-09-15 23:47:44 /favicon.ico ...................................... ~ 0s
  2022-09-15 23:47:45 ................................................... ~ 0s
  2022-09-15 23:47:45 ................................................... ~ 0s
  2022-09-15 23:47:45 /favicon.ico ...................................... ~ 0s
  2022-09-15 23:47:45 ................................................... ~ 0s
  2022-09-15 23:47:45 ................................................... ~ 0s
  2022-09-15 23:47:45 /favicon.ico ...................................... ~ 0s
  2022-09-15 23:47:50 /favicon.ico ...................................... ~ 0s
  2022-09-15 23:47:50 ................................................... ~ 3s
  2022-09-15 23:47:53 /favicon.ico ...................................... ~ 0s
  2022-09-15 23:47:57 ................................................... ~ 0s
  2022-09-15 23:47:57 /favicon.ico ...................................... ~ 0s
  2022-09-16 00:06:41 ................................................... ~ 0s
  2022-09-16 00:06:41 ................................................... ~ 1s
  2022-09-16 00:06:42 /favicon.ico ...................................... ~ 0s
  2022-09-16 00:27:11 ................................................... ~ 0s
   WARN  192.241.208.129:51598 Invalid request (Unsupported SSL request).  

  2022-09-16 01:11:41 ................................................... ~ 0s
  2022-09-16 04:56:14 ................................................... ~ 0s
   WARN  154.3.250.56:60684 Invalid request (Malformed HTTP request).  

  2022-09-16 05:23:12 ................................................... ~ 0s
   WARN  192.241.210.210:42716 Invalid request (Unexpected EOF).  

  2022-09-16 06:01:34 .................................................. ~ 10s
  2022-09-16 09:11:33 ................................................... ~ 0s
  2022-09-16 09:12:21 /favicon.ico ...................................... ~ 0s
  2022-09-16 09:12:21 ................................................... ~ 2s
  2022-09-16 09:12:23 /favicon.ico ...................................... ~ 0s
  2022-09-16 09:57:18 /favicon.ico ...................................... ~ 1s
  2022-09-16 09:57:18 ................................................. ~ 280s
   WARN  5.166.55.197:64628 Invalid request (Malformed HTTP request).  

  2022-09-16 10:06:40 ................................................... ~ 0s
  2022-09-16 11:08:27 ................................................... ~ 0s
   WARN  223.71.167.164:51059 Invalid request (Malformed HTTP request).  

  2022-09-16 12:22:00 ................................................... ~ 0s
  2022-09-16 12:22:02 ................................................... ~ 0s
  2022-09-16 13:45:06 ................................................... ~ 0s
  2022-09-16 13:57:56 ................................................... ~ 0s
  2022-09-16 14:32:31 ................................................... ~ 0s
   WARN  45.143.200.118:65231 Invalid request (Malformed HTTP request).  

  2022-09-16 18:18:21 ................................................... ~ 0s
  2022-09-16 18:25:48 ................................................... ~ 0s
  2022-09-16 18:39:40 ................................................... ~ 1s
  2022-09-16 18:47:58 ................................................... ~ 0s
  2022-09-16 18:47:58 /css/app.css ...................................... ~ 0s
  2022-09-16 18:47:58 /favicon.ico ...................................... ~ 0s
  2022-09-16 18:48:03 /favicon.ico ...................................... ~ 0s
  2022-09-16 18:48:03 /css/app.css ...................................... ~ 1s
  2022-09-16 18:48:04 /favicon.ico ...................................... ~ 0s
  2022-09-16 18:49:22 ................................................... ~ 0s
  2022-09-16 18:49:22 /css/app.css ...................................... ~ 0s
  2022-09-16 18:49:22 /favicon.ico ...................................... ~ 0s
  2022-09-16 18:49:23 ................................................... ~ 0s
  2022-09-16 18:49:23 /css/app.css ...................................... ~ 0s
  2022-09-16 18:49:23 /favicon.ico ...................................... ~ 0s
  2022-09-16 18:49:23 ................................................... ~ 0s
  2022-09-16 18:49:23 /css/app.css ...................................... ~ 0s
  2022-09-16 18:49:23 /favicon.ico ...................................... ~ 0s
  2022-09-16 18:49:38 ................................................... ~ 0s
  2022-09-16 18:49:38 /css/app.css ...................................... ~ 0s
  2022-09-16 18:49:38 /favicon.ico ...................................... ~ 0s
  2022-09-16 18:49:52 ................................................... ~ 0s
  2022-09-16 18:49:52 /css/app.css ...................................... ~ 0s
  2022-09-16 18:49:52 /favicon.ico ...................................... ~ 0s
  2022-09-16 18:59:15 ................................................... ~ 0s
  2022-09-16 18:59:15 /css/app.css ...................................... ~ 0s
  2022-09-16 18:59:15 /favicon.ico ...................................... ~ 0s
  2022-09-16 18:59:16 ................................................... ~ 0s
  2022-09-16 18:59:16 /css/app.css ...................................... ~ 0s
  2022-09-16 18:59:16 /favicon.ico ...................................... ~ 0s
  2022-09-16 18:59:16 ................................................... ~ 0s
  2022-09-16 18:59:16 /css/app.css ...................................... ~ 0s
  2022-09-16 18:59:16 /favicon.ico ...................................... ~ 0s
  2022-09-16 18:59:16 ................................................... ~ 0s
  2022-09-16 18:59:16 /css/app.css ...................................... ~ 0s
  2022-09-16 18:59:16 /favicon.ico ...................................... ~ 0s
  2022-09-16 19:03:30 ................................................... ~ 0s
  2022-09-16 19:03:30 /css/app.css ...................................... ~ 0s
  2022-09-16 19:03:30 /favicon.ico ...................................... ~ 0s
  2022-09-16 19:03:31 ................................................... ~ 0s
  2022-09-16 19:03:31 /css/app.css ...................................... ~ 0s
  2022-09-16 19:03:31 /favicon.ico ...................................... ~ 0s
  2022-09-16 19:03:31 ................................................... ~ 0s
  2022-09-16 19:03:31 /css/app.css ...................................... ~ 0s
  2022-09-16 19:03:31 /favicon.ico ...................................... ~ 0s
  2022-09-16 19:03:32 ................................................... ~ 0s
  2022-09-16 19:03:32 /css/app.css ...................................... ~ 0s
  2022-09-16 19:03:32 /favicon.ico ...................................... ~ 0s
  2022-09-16 19:03:32 ................................................... ~ 0s
  2022-09-16 19:03:32 /css/app.css ...................................... ~ 0s
  2022-09-16 19:03:32 /favicon.ico ...................................... ~ 0s
  2022-09-16 19:03:32 ................................................... ~ 0s
  2022-09-16 19:03:32 /css/app.css ...................................... ~ 0s
  2022-09-16 19:03:32 /favicon.ico ...................................... ~ 0s
  2022-09-16 19:03:32 ................................................... ~ 0s
  2022-09-16 19:03:32 /css/app.css ...................................... ~ 0s
  2022-09-16 19:03:32 /favicon.ico ...................................... ~ 0s
  2022-09-16 19:03:33 ................................................... ~ 0s
  2022-09-16 19:03:33 /css/app.css ...................................... ~ 0s
  2022-09-16 19:03:33 /favicon.ico ...................................... ~ 0s
  2022-09-16 19:03:38 ................................................... ~ 0s
  2022-09-16 19:03:38 /css/app.css ...................................... ~ 1s
  2022-09-16 19:03:39 /favicon.ico ...................................... ~ 0s
  2022-09-16 19:03:39 ................................................... ~ 0s
  2022-09-16 19:03:39 /css/app.css ...................................... ~ 0s
  2022-09-16 19:03:39 /favicon.ico ...................................... ~ 0s
  2022-09-16 19:03:39 ................................................... ~ 0s
  2022-09-16 19:03:39 /css/app.css ...................................... ~ 0s
  2022-09-16 19:03:39 /favicon.ico ...................................... ~ 0s
  2022-09-16 19:03:39 ................................................... ~ 0s
  2022-09-16 19:03:39 /css/app.css ...................................... ~ 0s
  2022-09-16 19:03:40 /favicon.ico ...................................... ~ 0s
  2022-09-16 19:03:40 ................................................... ~ 0s
  2022-09-16 19:03:40 /css/app.css ...................................... ~ 0s
  2022-09-16 19:03:40 /favicon.ico ...................................... ~ 0s
  2022-09-16 19:03:40 ................................................... ~ 0s
  2022-09-16 19:03:40 /css/app.css ...................................... ~ 0s
  2022-09-16 19:03:40 /favicon.ico ...................................... ~ 0s
  2022-09-16 19:03:40 ................................................... ~ 1s
  2022-09-16 19:03:40 /css/app.css ...................................... ~ 1s
  2022-09-16 19:03:41 /favicon.ico ...................................... ~ 0s
  2022-09-16 19:03:41 ................................................... ~ 0s
  2022-09-16 19:03:41 /css/app.css ...................................... ~ 0s
  2022-09-16 19:03:42 /favicon.ico ...................................... ~ 0s
  2022-09-16 19:04:02 ................................................... ~ 0s
  2022-09-16 19:04:02 /css/app.css ...................................... ~ 0s
  2022-09-16 19:04:02 /favicon.ico ...................................... ~ 0s
  2022-09-16 19:04:46 ................................................... ~ 0s
  2022-09-16 19:04:46 /css/app.css ...................................... ~ 0s
  2022-09-16 19:04:47 /favicon.ico ...................................... ~ 0s
  2022-09-16 19:04:47 ................................................... ~ 0s
  2022-09-16 19:04:47 /css/app.css ...................................... ~ 0s
  2022-09-16 19:04:47 /favicon.ico ...................................... ~ 0s
  2022-09-16 19:04:47 ................................................... ~ 1s
  2022-09-16 19:04:48 /css/app.css ...................................... ~ 0s
  2022-09-16 19:04:48 /favicon.ico ...................................... ~ 0s
  2022-09-16 19:04:49 ................................................... ~ 0s
  2022-09-16 19:04:49 /css/app.css ...................................... ~ 0s
  2022-09-16 19:04:49 /favicon.ico ...................................... ~ 0s
  2022-09-16 19:04:49 ................................................... ~ 0s
  2022-09-16 19:04:49 /css/app.css ...................................... ~ 0s
  2022-09-16 19:04:49 ................................................... ~ 0s
  2022-09-16 19:04:49 /css/app.css ...................................... ~ 0s
  2022-09-16 19:04:49 /favicon.ico ...................................... ~ 0s
  2022-09-16 19:04:49 /favicon.ico ...................................... ~ 0s
  2022-09-16 19:06:41 ................................................... ~ 0s
  2022-09-16 19:06:41 ................................................... ~ 0s
  2022-09-16 19:06:41 /css/app.css ...................................... ~ 0s
  2022-09-16 19:06:41 ................................................... ~ 0s
  2022-09-16 19:06:41 /favicon.ico ...................................... ~ 0s
  2022-09-16 19:06:42 ................................................... ~ 0s
  2022-09-16 19:06:42 /css/app.css ...................................... ~ 0s
  2022-09-16 19:06:42 ................................................... ~ 0s
  2022-09-16 19:06:42 ................................................... ~ 0s
  2022-09-16 19:06:42 /favicon.ico ...................................... ~ 0s
  2022-09-16 19:06:44 ................................................... ~ 0s
  2022-09-16 19:06:44 /css/app.css ...................................... ~ 0s
  2022-09-16 19:06:44 ................................................... ~ 0s
  2022-09-16 19:06:44 ................................................... ~ 0s
  2022-09-16 19:06:44 /favicon.ico ...................................... ~ 0s
  2022-09-16 19:06:44 ................................................... ~ 0s
  2022-09-16 19:06:44 /css/app.css ...................................... ~ 0s
  2022-09-16 19:06:44 ................................................... ~ 0s
  2022-09-16 19:06:44 ................................................... ~ 0s
  2022-09-16 19:06:44 /favicon.ico ...................................... ~ 0s
  2022-09-16 19:06:44 ................................................... ~ 0s
  2022-09-16 19:06:44 /css/app.css ...................................... ~ 0s
  2022-09-16 19:06:44 ................................................... ~ 0s
  2022-09-16 19:06:44 ................................................... ~ 0s
  2022-09-16 19:06:44 /favicon.ico ...................................... ~ 0s
  2022-09-16 19:10:13 ................................................... ~ 0s
  2022-09-16 19:10:13 /css/app.css ...................................... ~ 0s
  2022-09-16 19:10:13 ................................................... ~ 0s
  2022-09-16 19:10:13 ................................................... ~ 0s
  2022-09-16 19:10:14 /favicon.ico ...................................... ~ 0s
  2022-09-16 19:10:15 ................................................... ~ 0s
  2022-09-16 19:10:15 /css/app.css ...................................... ~ 1s
  2022-09-16 19:10:16 ................................................... ~ 0s
  2022-09-16 19:10:16 ................................................... ~ 0s
  2022-09-16 19:10:16 /favicon.ico ...................................... ~ 0s
  2022-09-16 19:10:16 ................................................... ~ 0s
  2022-09-16 19:10:16 /css/app.css ...................................... ~ 0s
  2022-09-16 19:10:16 ................................................... ~ 0s
  2022-09-16 19:10:16 ................................................... ~ 0s
  2022-09-16 19:10:16 /favicon.ico ...................................... ~ 0s
  2022-09-16 19:10:16 ................................................... ~ 0s
  2022-09-16 19:10:16 /css/app.css ...................................... ~ 0s
  2022-09-16 19:10:16 ................................................... ~ 0s
  2022-09-16 19:10:16 ................................................... ~ 0s
  2022-09-16 19:10:16 /favicon.ico ...................................... ~ 0s
  2022-09-16 19:10:16 ................................................... ~ 0s
  2022-09-16 19:10:16 /css/app.css ...................................... ~ 0s
  2022-09-16 19:10:16 ................................................... ~ 0s
  2022-09-16 19:10:16 ................................................... ~ 0s
  2022-09-16 19:10:16 /favicon.ico ...................................... ~ 0s
  2022-09-16 19:10:17 ................................................... ~ 0s
  2022-09-16 19:10:17 /css/app.css ...................................... ~ 0s
  2022-09-16 19:10:17 ................................................... ~ 0s
  2022-09-16 19:10:17 ................................................... ~ 0s
  2022-09-16 19:10:17 /favicon.ico ...................................... ~ 0s
  2022-09-16 19:10:17 ................................................... ~ 0s
  2022-09-16 19:10:17 /css/app.css ...................................... ~ 0s
  2022-09-16 19:10:17 ................................................... ~ 0s
  2022-09-16 19:10:17 ................................................... ~ 0s
  2022-09-16 19:10:17 /favicon.ico ...................................... ~ 0s
  2022-09-16 19:10:37 ................................................... ~ 0s
  2022-09-16 19:10:37 /css/app.css ...................................... ~ 0s
  2022-09-16 19:10:37 ................................................... ~ 0s
  2022-09-16 19:10:37 ................................................... ~ 0s
  2022-09-16 19:10:37 /favicon.ico ...................................... ~ 0s
  2022-09-16 19:18:32 ................................................... ~ 0s
  2022-09-16 19:18:32 /css/app.css ...................................... ~ 1s
  2022-09-16 19:18:33 ................................................... ~ 0s
  2022-09-16 19:18:33 ................................................... ~ 0s
  2022-09-16 19:18:33 /favicon.ico ...................................... ~ 0s
  2022-09-16 19:18:35 ................................................... ~ 0s
  2022-09-16 19:18:35 /css/app.css ...................................... ~ 0s
  2022-09-16 19:18:35 ................................................... ~ 0s
  2022-09-16 19:18:35 ................................................... ~ 0s
  2022-09-16 19:18:35 /favicon.ico ...................................... ~ 0s
  2022-09-16 19:18:36 ................................................... ~ 0s
  2022-09-16 19:18:36 /css/app.css ...................................... ~ 0s
  2022-09-16 19:18:36 ................................................... ~ 0s
  2022-09-16 19:18:36 ................................................... ~ 0s
  2022-09-16 19:18:36 ................................................... ~ 0s
  2022-09-16 19:18:36 /css/app.css ...................................... ~ 0s
  2022-09-16 19:18:36 ................................................... ~ 0s
  2022-09-16 19:18:36 ................................................... ~ 0s
  2022-09-16 19:18:36 /favicon.ico ...................................... ~ 0s
  2022-09-16 19:18:36 /favicon.ico ...................................... ~ 0s
  2022-09-16 19:18:36 ................................................... ~ 0s
  2022-09-16 19:18:36 /css/app.css ...................................... ~ 0s
  2022-09-16 19:18:36 ................................................... ~ 0s
  2022-09-16 19:18:36 ................................................... ~ 0s
  2022-09-16 19:18:36 /favicon.ico ...................................... ~ 0s
  2022-09-16 19:18:41 /favicon.ico ...................................... ~ 0s
  2022-09-16 19:18:41 .................................................. ~ 70s
  2022-09-16 19:20:22 ................................................... ~ 0s
  2022-09-16 19:20:22 /css/app.css ...................................... ~ 0s
  2022-09-16 19:20:22 ................................................... ~ 0s
  2022-09-16 19:20:22 ................................................... ~ 0s
  2022-09-16 19:20:22 /favicon.ico ...................................... ~ 0s
  2022-09-16 19:20:23 ................................................... ~ 0s
  2022-09-16 19:20:23 /css/app.css ...................................... ~ 0s
  2022-09-16 19:20:23 ................................................... ~ 0s
  2022-09-16 19:20:23 ................................................... ~ 0s
  2022-09-16 19:20:23 /favicon.ico ...................................... ~ 0s
  2022-09-16 19:20:23 ................................................... ~ 0s
  2022-09-16 19:20:23 /css/app.css ...................................... ~ 0s
  2022-09-16 19:20:23 ................................................... ~ 0s
  2022-09-16 19:20:23 ................................................... ~ 0s
  2022-09-16 19:20:23 /favicon.ico ...................................... ~ 0s
  2022-09-16 19:20:23 ................................................... ~ 0s
  2022-09-16 19:20:23 /css/app.css ...................................... ~ 1s
  2022-09-16 19:20:24 ................................................... ~ 0s
  2022-09-16 19:20:24 ................................................... ~ 0s
  2022-09-16 19:20:24 /favicon.ico ...................................... ~ 0s
  2022-09-16 19:20:25 ................................................... ~ 0s
  2022-09-16 19:20:25 /css/app.css ...................................... ~ 0s
  2022-09-16 19:20:25 ................................................... ~ 0s
  2022-09-16 19:20:25 ................................................... ~ 0s
  2022-09-16 19:20:25 /favicon.ico ...................................... ~ 0s
  2022-09-16 19:20:25 ................................................... ~ 0s
  2022-09-16 19:20:25 /css/app.css ...................................... ~ 0s
  2022-09-16 19:20:25 ................................................... ~ 0s
  2022-09-16 19:20:25 ................................................... ~ 0s
  2022-09-16 19:20:25 /favicon.ico ...................................... ~ 0s
  2022-09-16 19:20:25 ................................................... ~ 0s
  2022-09-16 19:20:25 /css/app.css ...................................... ~ 0s
  2022-09-16 19:20:25 ................................................... ~ 0s
  2022-09-16 19:20:25 ................................................... ~ 0s
  2022-09-16 19:20:25 /favicon.ico ...................................... ~ 0s
  2022-09-16 19:20:25 ................................................... ~ 0s
  2022-09-16 19:20:25 /css/app.css ...................................... ~ 0s
  2022-09-16 19:20:25 ................................................... ~ 0s
  2022-09-16 19:20:25 ................................................... ~ 0s
  2022-09-16 19:20:25 /favicon.ico ...................................... ~ 0s
  2022-09-16 19:20:25 ................................................... ~ 0s
  2022-09-16 19:20:25 /css/app.css ...................................... ~ 0s
  2022-09-16 19:20:25 ................................................... ~ 0s
  2022-09-16 19:20:25 ................................................... ~ 0s
  2022-09-16 19:20:25 /favicon.ico ...................................... ~ 0s
  2022-09-16 19:20:26 ................................................... ~ 0s
  2022-09-16 19:20:26 /css/app.css ...................................... ~ 0s
  2022-09-16 19:20:26 ................................................... ~ 0s
  2022-09-16 19:20:26 ................................................... ~ 0s
  2022-09-16 19:20:26 /favicon.ico ...................................... ~ 0s
  2022-09-16 19:20:30 /favicon.ico ...................................... ~ 0s
  2022-09-16 19:20:30 ................................................. ~ 113s
  2022-09-16 19:25:48 ................................................... ~ 0s
  2022-09-16 19:25:48 /css/app.css ...................................... ~ 0s
  2022-09-16 19:25:49 ................................................... ~ 0s
  2022-09-16 19:25:49 ................................................... ~ 0s
  2022-09-16 19:25:49 /favicon.ico ...................................... ~ 0s
  2022-09-16 19:25:49 ................................................... ~ 0s
  2022-09-16 19:25:54 ................................................... ~ 0s
  2022-09-16 19:25:54 /css/app.css ...................................... ~ 0s
  2022-09-16 19:25:54 ................................................... ~ 0s
  2022-09-16 19:25:54 ................................................... ~ 0s
  2022-09-16 19:25:54 ................................................... ~ 0s
  2022-09-16 19:25:54 /favicon.ico ...................................... ~ 0s
  2022-09-16 19:31:37 ................................................... ~ 0s
  2022-09-16 19:31:37 /css/app.css ...................................... ~ 0s
  2022-09-16 19:31:37 ................................................... ~ 0s
  2022-09-16 19:31:37 ................................................... ~ 0s
  2022-09-16 19:31:37 ................................................... ~ 0s
  2022-09-16 19:31:37 /favicon.ico ...................................... ~ 0s
  2022-09-16 19:31:38 ................................................... ~ 0s
  2022-09-16 19:31:38 /css/app.css ...................................... ~ 0s
  2022-09-16 19:31:38 ................................................... ~ 0s
  2022-09-16 19:31:38 ................................................... ~ 0s
  2022-09-16 19:31:38 ................................................... ~ 0s
  2022-09-16 19:31:39 /favicon.ico ...................................... ~ 0s
  2022-09-16 19:31:44 ................................................... ~ 0s
  2022-09-16 19:31:44 /css/app.css ...................................... ~ 0s
  2022-09-16 19:31:44 ................................................... ~ 0s
  2022-09-16 19:31:44 ................................................... ~ 0s
  2022-09-16 19:31:44 ................................................... ~ 0s
  2022-09-16 19:31:44 /favicon.ico ...................................... ~ 0s
  2022-09-16 19:31:45 ................................................... ~ 0s
  2022-09-16 19:31:45 /css/app.css ...................................... ~ 0s
  2022-09-16 19:31:45 ................................................... ~ 0s
  2022-09-16 19:31:45 ................................................... ~ 0s
  2022-09-16 19:31:45 ................................................... ~ 0s
  2022-09-16 19:31:45 /favicon.ico ...................................... ~ 0s
  2022-09-16 19:31:45 ................................................... ~ 0s
  2022-09-16 19:31:45 /css/app.css ...................................... ~ 0s
  2022-09-16 19:31:45 ................................................... ~ 0s
  2022-09-16 19:31:45 ................................................... ~ 0s
  2022-09-16 19:31:45 ................................................... ~ 0s
  2022-09-16 19:31:45 /favicon.ico ...................................... ~ 0s
  2022-09-16 19:33:38 ................................................... ~ 0s
  2022-09-16 19:33:38 /favicon.ico ...................................... ~ 0s
  2022-09-16 19:33:57 ................................................... ~ 0s
  2022-09-16 19:33:57 /favicon.ico ...................................... ~ 0s
  2022-09-16 19:33:58 ................................................... ~ 0s
  2022-09-16 19:33:58 /favicon.ico ...................................... ~ 0s
  2022-09-16 19:33:59 ................................................... ~ 0s
  2022-09-16 19:33:59 /favicon.ico ...................................... ~ 0s
  2022-09-16 19:33:59 ................................................... ~ 0s
  2022-09-16 19:33:59 /favicon.ico ...................................... ~ 0s
  2022-09-16 19:34:00 ................................................... ~ 0s
  2022-09-16 19:34:00 /favicon.ico ...................................... ~ 0s
  2022-09-16 19:35:18 ................................................... ~ 0s
  2022-09-16 19:35:18 /favicon.ico ...................................... ~ 0s
  2022-09-16 19:35:20 ................................................... ~ 0s
  2022-09-16 19:35:20 /favicon.ico ...................................... ~ 0s
  2022-09-16 19:35:20 ................................................... ~ 0s
  2022-09-16 19:35:20 /favicon.ico ...................................... ~ 0s
  2022-09-16 19:35:20 ................................................... ~ 0s
  2022-09-16 19:35:20 /favicon.ico ...................................... ~ 0s
  2022-09-16 19:42:13 ................................................... ~ 1s
  2022-09-16 19:42:14 /favicon.ico ...................................... ~ 0s
  2022-09-16 19:42:16 ................................................... ~ 0s
  2022-09-16 19:42:16 /favicon.ico ...................................... ~ 0s
  2022-09-16 19:42:21 ................................................... ~ 0s
  2022-09-16 19:42:21 /favicon.ico ...................................... ~ 0s
  2022-09-16 19:42:21 ................................................... ~ 0s
  2022-09-16 19:42:21 /favicon.ico ...................................... ~ 1s
  2022-09-16 19:42:22 ................................................... ~ 0s
  2022-09-16 19:42:22 /favicon.ico ...................................... ~ 0s
  2022-09-16 19:42:22 ................................................... ~ 0s
  2022-09-16 19:42:22 /favicon.ico ...................................... ~ 0s
  2022-09-16 19:42:22 ................................................... ~ 0s
  2022-09-16 19:42:22 /favicon.ico ...................................... ~ 0s
  2022-09-16 19:42:25 ................................................... ~ 0s
  2022-09-16 19:42:25 /favicon.ico ...................................... ~ 0s
  2022-09-16 19:42:26 ................................................... ~ 0s
  2022-09-16 19:42:26 /favicon.ico ...................................... ~ 0s
  2022-09-16 19:42:33 ................................................... ~ 0s
  2022-09-16 19:42:33 /favicon.ico ...................................... ~ 0s
  2022-09-16 19:42:37 ................................................... ~ 0s
  2022-09-16 19:42:37 /favicon.ico ...................................... ~ 0s
  2022-09-16 19:42:48 ................................................... ~ 0s
  2022-09-16 19:42:48 /favicon.ico ...................................... ~ 0s
  2022-09-16 19:43:39 ................................................... ~ 0s
  2022-09-16 19:43:39 /favicon.ico ...................................... ~ 1s
  2022-09-16 19:43:40 ................................................... ~ 0s
  2022-09-16 19:43:40 /favicon.ico ...................................... ~ 1s
  2022-09-16 19:44:07 ................................................... ~ 0s
  2022-09-16 19:44:07 /favicon.ico ...................................... ~ 0s
  2022-09-16 19:44:09 ................................................... ~ 0s
  2022-09-16 19:44:09 /favicon.ico ...................................... ~ 0s
  2022-09-16 19:44:10 ................................................... ~ 0s
  2022-09-16 19:44:10 /favicon.ico ...................................... ~ 0s
  2022-09-16 19:44:10 ................................................... ~ 0s
  2022-09-16 19:44:10 /favicon.ico ...................................... ~ 0s
  2022-09-16 19:44:10 ................................................... ~ 0s
  2022-09-16 19:44:10 /favicon.ico ...................................... ~ 0s
  2022-09-16 19:44:10 ................................................... ~ 0s
  2022-09-16 19:44:10 /favicon.ico ...................................... ~ 0s
  2022-09-16 19:44:13 ................................................... ~ 0s
  2022-09-16 19:44:13 /favicon.ico ...................................... ~ 0s
  2022-09-16 19:44:18 /favicon.ico ...................................... ~ 0s
  2022-09-16 19:45:02 ................................................... ~ 0s
  2022-09-16 19:44:18 .................................................. ~ 93s
  2022-09-16 19:45:51 ................................................... ~ 0s
  2022-09-16 19:45:51 /css/app.css ...................................... ~ 0s
  2022-09-16 19:45:51 /favicon.ico ...................................... ~ 0s
  2022-09-16 19:46:01 /favicon.ico ...................................... ~ 0s
  2022-09-16 19:47:20 ................................................... ~ 0s
  2022-09-16 19:47:20 /css/app.css ...................................... ~ 0s
  2022-09-16 19:57:14 ................................................... ~ 0s
  2022-09-16 19:57:14 /css/app.css ...................................... ~ 0s
  2022-09-16 19:57:14 /favicon.ico ...................................... ~ 0s
  2022-09-16 19:57:17 ................................................... ~ 0s
  2022-09-16 19:57:17 /css/app.css ...................................... ~ 0s
  2022-09-16 19:57:17 /favicon.ico ...................................... ~ 0s
  2022-09-16 19:59:23 ................................................... ~ 0s
  2022-09-16 19:59:23 /css/app.css ...................................... ~ 0s
  2022-09-16 19:59:23 /favicon.ico ...................................... ~ 0s
  2022-09-16 19:59:28 ................................................... ~ 0s
  2022-09-16 19:59:28 /css/app.css ...................................... ~ 0s
  2022-09-16 19:59:28 /favicon.ico ...................................... ~ 0s
  2022-09-16 20:00:04 ................................................... ~ 0s
  2022-09-16 20:00:04 /css/app.css ...................................... ~ 1s
  2022-09-16 20:00:04 /favicon.ico ...................................... ~ 1s
  2022-09-16 20:00:05 ................................................... ~ 1s
  2022-09-16 20:00:06 /css/app.css ...................................... ~ 0s
  2022-09-16 20:00:06 /favicon.ico ...................................... ~ 0s
  2022-09-16 20:00:06 ................................................... ~ 3s
  2022-09-16 20:00:09 /css/app.css ...................................... ~ 0s
  2022-09-16 20:00:09 /favicon.ico ...................................... ~ 1s
  2022-09-16 20:00:38 /css/app.css ...................................... ~ 0s
  2022-09-16 20:01:20 ................................................... ~ 0s
  2022-09-16 20:01:20 /css/app.css ...................................... ~ 0s
  2022-09-16 20:01:20 /favicon.ico ...................................... ~ 0s
   WARN  46.138.2.109:1622 Invalid request (Unsupported SSL request).  

  2022-09-16 20:09:19 ................................................... ~ 0s
   WARN  46.138.2.109:1624 Invalid request (Unsupported SSL request).  

  2022-09-16 20:09:19 ................................................... ~ 0s
   WARN  46.138.2.109:1636 Invalid request (Unsupported SSL request).  

  2022-09-16 20:09:26 ................................................... ~ 0s
   WARN  46.138.2.109:1637 Invalid request (Unsupported SSL request).  

  2022-09-16 20:09:26 ................................................... ~ 0s
  2022-09-16 20:10:08 ................................................... ~ 0s
  2022-09-16 20:10:08 /css/app.css ...................................... ~ 0s
  2022-09-16 20:10:08 /favicon.ico ...................................... ~ 0s
  2022-09-16 20:10:17 /favicon.ico ...................................... ~ 0s
  2022-09-16 20:11:03 /favicon.ico ...................................... ~ 0s
  2022-09-16 20:11:06 /favicon.ico ...................................... ~ 0s
  2022-09-16 20:11:07 /favicon.ico ...................................... ~ 0s
  2022-09-16 20:11:07 /favicon.ico ...................................... ~ 0s
  2022-09-16 20:11:08 /favicon.ico ...................................... ~ 0s
  2022-09-16 20:12:02 ................................................... ~ 0s
  2022-09-16 20:12:02 /css/app.css ...................................... ~ 0s
  2022-09-16 20:12:02 /favicon.ico ...................................... ~ 0s
  2022-09-16 20:12:07 ................................................... ~ 0s
  2022-09-16 20:12:07 /css/app.css ...................................... ~ 0s
  2022-09-16 20:12:07 /favicon.ico ...................................... ~ 0s
  2022-09-16 20:14:12 ................................................... ~ 0s
  2022-09-16 20:14:12 /css/app.css ...................................... ~ 1s
  2022-09-16 20:14:13 /favicon.ico ...................................... ~ 0s
  2022-09-16 20:15:05 ................................................... ~ 0s
  2022-09-16 20:15:05 /css/app.css ...................................... ~ 0s
  2022-09-16 20:15:05 /favicon.ico ...................................... ~ 0s
  2022-09-16 20:15:28 /favicon.ico ...................................... ~ 0s
  2022-09-16 20:15:40 /favicon.ico ...................................... ~ 0s
  2022-09-16 20:16:36 /css/app.css ...................................... ~ 0s
  2022-09-16 20:17:09 ................................................... ~ 0s
  2022-09-16 20:17:09 /css/app.css ...................................... ~ 0s
  2022-09-16 20:17:09 /favicon.ico ...................................... ~ 0s
  2022-09-16 20:17:10 ................................................... ~ 0s
  2022-09-16 20:17:10 /css/app.css ...................................... ~ 1s
  2022-09-16 20:17:11 /favicon.ico ...................................... ~ 0s
  2022-09-16 20:17:14 ................................................... ~ 0s
  2022-09-16 20:17:14 /css/app.css ...................................... ~ 0s
  2022-09-16 20:17:14 /favicon.ico ...................................... ~ 0s
  2022-09-16 20:17:41 ................................................... ~ 0s
  2022-09-16 20:17:41 /css/app.css ...................................... ~ 0s
  2022-09-16 20:17:41 /favicon.ico ...................................... ~ 0s
  2022-09-16 20:17:41 ................................................... ~ 0s
  2022-09-16 20:17:41 /css/app.css ...................................... ~ 0s
  2022-09-16 20:17:42 /favicon.ico ...................................... ~ 0s
  2022-09-16 20:17:55 ................................................... ~ 0s
  2022-09-16 20:17:55 /css/app.css ...................................... ~ 0s
  2022-09-16 20:17:55 /favicon.ico ...................................... ~ 0s
  2022-09-16 20:18:44 ................................................... ~ 0s
  2022-09-16 20:18:44 /css/app.css ...................................... ~ 0s
  2022-09-16 20:18:44 /favicon.ico ...................................... ~ 0s
  2022-09-16 20:20:47 ................................................... ~ 0s
  2022-09-16 20:20:47 /css/app.css ...................................... ~ 0s
  2022-09-16 20:20:47 /favicon.ico ...................................... ~ 0s
  2022-09-16 20:20:48 ................................................... ~ 0s
  2022-09-16 20:20:48 /css/app.css ...................................... ~ 0s
  2022-09-16 20:20:48 /favicon.ico ...................................... ~ 0s
  2022-09-16 20:22:29 ................................................... ~ 0s
  2022-09-16 20:22:29 /css/app.css ...................................... ~ 0s
  2022-09-16 20:22:29 /favicon.ico ...................................... ~ 0s
  2022-09-16 20:22:38 ................................................... ~ 0s
  2022-09-16 20:22:38 /css/app.css ...................................... ~ 0s
  2022-09-16 20:22:39 /favicon.ico ...................................... ~ 0s
  2022-09-16 20:24:27 ................................................... ~ 0s
  2022-09-16 20:24:27 /css/app.css ...................................... ~ 0s
  2022-09-16 20:24:27 /favicon.ico ...................................... ~ 0s
  2022-09-16 20:24:28 ................................................... ~ 0s
  2022-09-16 20:24:28 /css/app.css ...................................... ~ 0s
  2022-09-16 20:24:28 /favicon.ico ...................................... ~ 0s
  2022-09-16 20:24:39 ................................................... ~ 0s
  2022-09-16 20:24:39 /css/app.css ...................................... ~ 0s
  2022-09-16 20:24:39 /favicon.ico ...................................... ~ 0s
  2022-09-16 20:24:48 /favicon.ico ...................................... ~ 0s
  2022-09-16 20:24:49 /favicon.ico ...................................... ~ 0s
  2022-09-16 20:25:07 /favicon.ico ...................................... ~ 0s
  2022-09-16 20:25:08 /favicon.ico ...................................... ~ 0s
  2022-09-16 20:25:09 /favicon.ico ...................................... ~ 0s
  2022-09-16 20:25:10 /favicon.ico ...................................... ~ 0s
  2022-09-16 20:25:11 /favicon.ico ...................................... ~ 0s
  2022-09-16 20:25:13 /favicon.ico ...................................... ~ 0s
  2022-09-16 20:26:03 /favicon.ico ...................................... ~ 0s
  2022-09-16 20:26:25 /favicon.ico ...................................... ~ 0s
  2022-09-16 20:26:28 /favicon.ico ...................................... ~ 0s
  2022-09-16 20:26:29 /favicon.ico ...................................... ~ 0s
  2022-09-16 20:26:30 /favicon.ico ...................................... ~ 0s
  2022-09-16 20:26:30 /favicon.ico ...................................... ~ 0s
  2022-09-16 20:26:32 /favicon.ico ...................................... ~ 0s
  2022-09-16 20:26:42 /favicon.ico ...................................... ~ 0s
  2022-09-16 20:33:36 ................................................... ~ 0s
  2022-09-16 20:33:36 /css/app.css ...................................... ~ 0s
  2022-09-16 20:33:36 /favicon.ico ...................................... ~ 0s
  2022-09-16 20:34:05 ................................................... ~ 0s
  2022-09-16 20:34:05 /css/app.css ...................................... ~ 0s
  2022-09-16 20:34:05 /favicon.ico ...................................... ~ 0s
  2022-09-16 20:34:39 ................................................... ~ 0s
  2022-09-16 20:34:39 /css/app.css ...................................... ~ 0s
  2022-09-16 20:34:39 /favicon.ico ...................................... ~ 0s
  2022-09-16 20:34:43 /favicon.ico ...................................... ~ 0s
  2022-09-16 20:34:54 ................................................... ~ 0s
  2022-09-16 20:34:54 /css/app.css ...................................... ~ 0s
  2022-09-16 20:34:54 /favicon.ico ...................................... ~ 0s
  2022-09-16 20:34:54 ................................................... ~ 0s
  2022-09-16 20:34:54 /css/app.css ...................................... ~ 0s
  2022-09-16 20:34:54 /favicon.ico ...................................... ~ 0s
  2022-09-16 20:35:46 ................................................... ~ 0s
  2022-09-16 20:35:46 /css/app.css ...................................... ~ 0s
  2022-09-16 20:35:46 /favicon.ico ...................................... ~ 0s
  2022-09-16 20:36:28 ................................................... ~ 0s
  2022-09-16 20:36:28 /css/app.css ...................................... ~ 0s
  2022-09-16 20:36:28 /favicon.ico ...................................... ~ 0s
  2022-09-16 20:36:30 ................................................... ~ 0s
  2022-09-16 20:36:30 /css/app.css ...................................... ~ 0s
  2022-09-16 20:36:30 /favicon.ico ...................................... ~ 0s
  2022-09-16 20:37:00 ................................................... ~ 0s
  2022-09-16 20:37:00 /css/app.css ...................................... ~ 0s
  2022-09-16 20:37:01 /favicon.ico ...................................... ~ 0s
  2022-09-16 21:11:35 ................................................... ~ 0s
  2022-09-16 23:09:15 ................................................... ~ 0s
  2022-09-16 23:09:15 /css/app.css ...................................... ~ 0s
  2022-09-16 23:09:15 /favicon.ico ...................................... ~ 0s
  2022-09-16 23:51:56 ................................................... ~ 0s
  2022-09-16 23:51:56 /favicon.ico ...................................... ~ 0s
  2022-09-16 23:52:00 ................................................... ~ 0s
  2022-09-16 23:52:00 /favicon.ico ...................................... ~ 0s
  2022-09-16 23:52:09 ................................................... ~ 0s
  2022-09-16 23:52:09 /favicon.ico ...................................... ~ 0s
  2022-09-16 23:52:28 ................................................... ~ 0s
  2022-09-16 23:52:28 /favicon.ico ...................................... ~ 0s
  2022-09-16 23:52:35 ................................................... ~ 0s
  2022-09-16 23:52:36 /favicon.ico ...................................... ~ 0s
  2022-09-16 23:52:36 .................................................. ~ 22s
  2022-09-16 23:52:58 /favicon.ico ...................................... ~ 0s
  2022-09-16 23:52:59 ................................................... ~ 0s
  2022-09-16 23:52:59 /favicon.ico ...................................... ~ 0s
  2022-09-16 23:52:59 ................................................... ~ 0s
  2022-09-16 23:52:59 /favicon.ico ...................................... ~ 0s
  2022-09-16 23:53:10 ................................................... ~ 0s
  2022-09-16 23:53:11 /favicon.ico ...................................... ~ 0s
  2022-09-16 23:53:11 ................................................. ~ 145s
  2022-09-17 00:04:55 ................................................... ~ 0s
  2022-09-17 00:04:55 /favicon.ico ...................................... ~ 0s
  2022-09-17 00:04:56 ................................................... ~ 0s
  2022-09-17 00:04:56 /favicon.ico ...................................... ~ 0s
  2022-09-17 00:04:56 ................................................... ~ 0s
  2022-09-17 00:04:56 /favicon.ico ...................................... ~ 0s
  2022-09-17 00:04:59 ................................................... ~ 0s
  2022-09-17 00:04:59 /favicon.ico ...................................... ~ 0s
  2022-09-17 00:06:37 ................................................... ~ 0s
  2022-09-17 00:06:37 /favicon.ico ...................................... ~ 0s
  2022-09-17 00:06:40 ................................................... ~ 0s
  2022-09-17 00:06:40 /favicon.ico ...................................... ~ 0s
  2022-09-17 00:08:47 /fragrance ........................................ ~ 0s
  2022-09-17 00:08:47 ................................................... ~ 0s
  2022-09-17 00:08:47 ................................................... ~ 0s
  2022-09-17 00:08:53 /fragrance ........................................ ~ 0s
  2022-09-17 00:08:53 ................................................... ~ 0s
  2022-09-17 00:08:54 /fragrance ........................................ ~ 0s
  2022-09-17 00:08:54 ................................................... ~ 0s
  2022-09-17 00:08:54 /fragrance ........................................ ~ 0s
  2022-09-17 00:08:54 ................................................... ~ 0s
  2022-09-17 00:08:54 /fragrance ........................................ ~ 0s
  2022-09-17 00:08:54 ................................................... ~ 0s
  2022-09-17 00:08:54 /fragrance ........................................ ~ 0s
  2022-09-17 00:08:54 ................................................... ~ 0s
  2022-09-17 00:09:01 /favicon.ico ...................................... ~ 0s
  2022-09-17 00:09:01 ................................................. ~ 199s
  2022-09-17 00:12:20 /fragrance ........................................ ~ 0s
  2022-09-17 00:12:20 ................................................... ~ 0s
  2022-09-17 00:12:22 /fragrance ........................................ ~ 0s
  2022-09-17 00:12:22 ................................................... ~ 0s
  2022-09-17 00:12:22 ................................................... ~ 0s
  2022-09-17 00:12:22 /fragrance ........................................ ~ 0s
  2022-09-17 00:12:22 ................................................... ~ 0s
  2022-09-17 00:12:22 ................................................... ~ 0s
  2022-09-17 00:12:23 /fragrance ........................................ ~ 0s
  2022-09-17 00:12:23 ................................................... ~ 0s
  2022-09-17 00:12:23 ................................................... ~ 0s
  2022-09-17 00:12:27 /favicon.ico ...................................... ~ 0s
  2022-09-17 00:12:27 ................................................... ~ 2s
  2022-09-17 00:12:29 /favicon.ico ...................................... ~ 0s
  2022-09-17 00:12:44 /fragrance ........................................ ~ 0s
  2022-09-17 00:12:44 /favicon.ico ...................................... ~ 0s
  2022-09-17 00:12:46 ................................................... ~ 0s
  2022-09-17 00:12:46 /favicon.ico ...................................... ~ 0s
  2022-09-17 00:13:59 ................................................... ~ 0s
  2022-09-17 00:13:59 /favicon.ico ...................................... ~ 0s
  2022-09-17 00:14:28 /fragrance ........................................ ~ 0s
  2022-09-17 00:14:28 ................................................... ~ 0s
  2022-09-17 00:14:28 ................................................... ~ 0s
  2022-09-17 00:14:30 /favicon.ico ...................................... ~ 0s
  2022-09-17 00:14:30 /fragrance ....................................... ~ 22s
  2022-09-17 00:14:52 /favicon.ico ...................................... ~ 1s
  2022-09-17 00:14:56 ................................................... ~ 0s
  2022-09-17 00:14:56 /favicon.ico ...................................... ~ 0s
  2022-09-17 00:15:13 /fragrance ........................................ ~ 0s
  2022-09-17 00:15:13 /fragrance/src/main.js ............................ ~ 0s
  2022-09-17 00:15:13 ................................................... ~ 0s
  2022-09-17 00:15:14 /fragrance ........................................ ~ 0s
  2022-09-17 00:15:14 /fragrance/src/main.js ............................ ~ 0s
  2022-09-17 00:15:14 ................................................... ~ 0s
  2022-09-17 00:15:14 /fragrance ........................................ ~ 0s
  2022-09-17 00:15:14 /fragrance/src/main.js ............................ ~ 0s
  2022-09-17 00:15:14 ................................................... ~ 0s
  2022-09-17 00:15:16 /favicon.ico ...................................... ~ 1s
  2022-09-17 00:15:16 /fragrance/src/main.js ............................ ~ 2s
  2022-09-17 00:15:18 /favicon.ico ...................................... ~ 0s
  2022-09-17 00:15:31 /fragrance ........................................ ~ 0s
  2022-09-17 00:15:31 /fragrance/src/main.js ............................ ~ 0s
  2022-09-17 00:15:31 /fragrance ........................................ ~ 0s
  2022-09-17 00:15:31 /fragrance/src/main.js ............................ ~ 1s
  2022-09-17 00:15:32 /fragrance ........................................ ~ 0s
  2022-09-17 00:15:32 /fragrance/src/main.js ............................ ~ 0s
  2022-09-17 00:15:33 /fragrance ........................................ ~ 0s
  2022-09-17 00:15:33 /fragrance/src/main.js ............................ ~ 0s
  2022-09-17 00:16:14 /fragrance ........................................ ~ 0s
  2022-09-17 00:16:14 /fragrance/src/main.js ............................ ~ 0s
  2022-09-17 00:16:15 /fragrance ........................................ ~ 0s
  2022-09-17 00:16:16 /fragrance ....................................... ~ 42s
  2022-09-17 00:16:58 /fragrance/src/main.js ............................ ~ 0s
  2022-09-17 00:16:58 ................................................... ~ 0s
  2022-09-17 00:16:59 /fragrance ........................................ ~ 0s
  2022-09-17 00:16:59 /fragrance/src/main.js ............................ ~ 0s
  2022-09-17 00:16:59 ................................................... ~ 0s
  2022-09-17 00:16:59 /fragrance ........................................ ~ 0s
  2022-09-17 00:16:59 /fragrance/src/main.js ............................ ~ 0s
  2022-09-17 00:16:59 ................................................... ~ 0s
  2022-09-17 00:16:59 /fragrance ........................................ ~ 0s
  2022-09-17 00:16:59 /fragrance/src/main.js ............................ ~ 0s
  2022-09-17 00:16:59 ................................................... ~ 0s
  2022-09-17 00:16:59 /fragrance ........................................ ~ 0s
  2022-09-17 00:16:59 /fragrance/src/main.js ............................ ~ 0s
  2022-09-17 00:16:59 ................................................... ~ 0s
  2022-09-17 00:17:41 /fragrance ........................................ ~ 0s
  2022-09-17 00:17:41 /fragrance/src/main.js ............................ ~ 0s
  2022-09-17 00:17:42 /fragrance ........................................ ~ 0s
  2022-09-17 00:17:43 /fragrance/src/main.js ............................ ~ 0s
  2022-09-17 00:17:43 /fragrance ........................................ ~ 0s
  2022-09-17 00:17:44 /fragrance/src/main.js ............................ ~ 0s
  2022-09-17 00:17:44 ................................................... ~ 0s
  2022-09-17 00:18:01 /fragrance ........................................ ~ 0s
  2022-09-17 00:18:01 /favicon.ico ...................................... ~ 0s
  2022-09-17 00:18:05 /fragrance/src/main.js ............................ ~ 0s
  2022-09-17 00:18:05 /favicon.ico ...................................... ~ 0s
  2022-09-17 00:29:24 .................................................. ~ 96s
  2022-09-17 00:31:00 .................................................. ~ 60s
  2022-09-17 00:32:00 .................................................. ~ 64s
  2022-09-17 00:33:04 .................................................. ~ 31s
  2022-09-17 00:33:35 /css/app.css ...................................... ~ 0s
  2022-09-17 00:33:35 /favicon.ico ...................................... ~ 0s
  2022-09-17 01:16:26 ................................................... ~ 0s
  2022-09-17 01:16:26 /css/app.css ...................................... ~ 0s
  2022-09-17 01:16:27 /favicon.ico ...................................... ~ 0s
  2022-09-17 01:16:33 ................................................. ~ 150s
   WARN  185.220.205.196:47316 Invalid request (Unsupported SSL request).  

  2022-09-17 01:53:36 ................................................... ~ 0s
   WARN  123.160.221.44:41566 Invalid request (Unsupported SSL request).  

  2022-09-17 01:57:00 ................................................... ~ 0s
  2022-09-17 01:57:10 ................................................... ~ 0s
  2022-09-17 01:57:18 ................................................... ~ 1s
  2022-09-17 01:57:19 /favicon.ico ...................................... ~ 0s
  2022-09-17 01:57:34 ................................................... ~ 0s
  2022-09-17 01:57:35 /favicon.ico ...................................... ~ 0s
  2022-09-17 01:57:39 ................................................... ~ 0s
  2022-09-17 01:57:40 /favicon.ico ...................................... ~ 0s
  2022-09-17 01:57:41 ................................................... ~ 0s
  2022-09-17 01:57:41 /favicon.ico ...................................... ~ 0s
  2022-09-17 03:28:40 ................................................... ~ 0s
  2022-09-17 05:55:38 ................................................... ~ 0s
  2022-09-17 07:40:29 ................................................... ~ 0s
  2022-09-17 07:51:22 ................................................... ~ 0s
  2022-09-17 08:37:19 ................................................... ~ 0s
   WARN  198.199.95.146:42306 Invalid request (Unexpected EOF).  

  2022-09-17 08:54:42 .................................................. ~ 10s
  2022-09-17 09:08:04 ................................................... ~ 0s
  2022-09-17 09:08:04 /css/app.css ...................................... ~ 0s
  2022-09-17 09:08:04 /favicon.ico ...................................... ~ 0s
  2022-09-17 09:08:17 /favicon.ico ...................................... ~ 0s
  2022-09-17 09:08:20 /favicon.ico ...................................... ~ 0s
  2022-09-17 09:08:21 /favicon.ico ...................................... ~ 0s
  2022-09-17 09:08:22 /favicon.ico ...................................... ~ 0s
  2022-09-17 09:08:23 /favicon.ico ...................................... ~ 0s
  2022-09-17 09:08:25 /favicon.ico ...................................... ~ 0s
  2022-09-17 09:08:26 /favicon.ico ...................................... ~ 0s
  2022-09-17 09:08:34 /favicon.ico ...................................... ~ 0s
  2022-09-17 09:08:35 /favicon.ico ...................................... ~ 0s
  2022-09-17 09:08:35 /favicon.ico ...................................... ~ 0s
  2022-09-17 09:08:36 /favicon.ico ...................................... ~ 0s
  2022-09-17 09:08:41 /favicon.ico ...................................... ~ 0s
  2022-09-17 09:08:44 /favicon.ico ...................................... ~ 0s
  2022-09-17 09:08:46 /favicon.ico ...................................... ~ 0s
  2022-09-17 09:08:48 /favicon.ico ...................................... ~ 0s
  2022-09-17 09:08:51 /favicon.ico ...................................... ~ 0s
  2022-09-17 09:08:55 /favicon.ico ...................................... ~ 0s
  2022-09-17 09:09:06 /favicon.ico ...................................... ~ 0s
  2022-09-17 09:09:54 /favicon.ico ...................................... ~ 0s
  2022-09-17 09:37:35 ................................................... ~ 0s
  2022-09-17 09:37:35 /css/app.css ...................................... ~ 0s
  2022-09-17 09:37:35 /favicon.ico ...................................... ~ 0s
  2022-09-17 09:37:38 /favicon.ico ...................................... ~ 0s
  2022-09-17 09:39:51 ................................................... ~ 0s
  2022-09-17 09:39:51 /css/app.css ...................................... ~ 0s
  2022-09-17 09:39:51 /favicon.ico ...................................... ~ 0s
  2022-09-17 09:39:52 ................................................... ~ 0s
  2022-09-17 09:39:52 /css/app.css ...................................... ~ 0s
  2022-09-17 09:39:52 /favicon.ico ...................................... ~ 0s
  2022-09-17 09:43:10 ................................................... ~ 0s
  2022-09-17 09:43:10 /favicon.ico ...................................... ~ 0s
  2022-09-17 09:43:14 ................................................... ~ 0s
  2022-09-17 09:43:14 /favicon.ico ...................................... ~ 0s
  2022-09-17 09:43:19 ................................................... ~ 0s
  2022-09-17 09:43:19 /favicon.ico ...................................... ~ 0s
  2022-09-17 09:46:53 ................................................... ~ 0s
  2022-09-17 09:46:53 /favicon.ico ...................................... ~ 0s
  2022-09-17 09:46:56 .................................................. ~ 61s
  2022-09-17 10:02:47 /favicon.ico ...................................... ~ 0s
  2022-09-17 10:02:47 .................................................. ~ 81s
PHP Fatal error:  Uncaught ErrorException: include(/srv/fragrance/vendor/composer/../nunomaduro/collision/src/Adapters/Laravel/IgnitionSolutionsRepository.php): Failed to open stream: No such file or directory in /srv/fragrance/vendor/composer/ClassLoader.php:571
Stack trace:
#0 /srv/fragrance/vendor/laravel/framework/src/Illuminate/Foundation/Bootstrap/HandleExceptions.php(259): Illuminate\Foundation\Bootstrap\HandleExceptions->handleError()
#1 /srv/fragrance/vendor/composer/ClassLoader.php(571): Illuminate\Foundation\Bootstrap\HandleExceptions->Illuminate\Foundation\Bootstrap\{closure}()
#2 /srv/fragrance/vendor/composer/ClassLoader.php(571): include('...')
#3 /srv/fragrance/vendor/composer/ClassLoader.php(428): Composer\Autoload\includeFile()
#4 /srv/fragrance/vendor/nunomaduro/collision/src/Adapters/Laravel/CollisionServiceProvider.php(54): Composer\Autoload\ClassLoader->loadClass()
#5 /srv/fragrance/vendor/laravel/framework/src/Illuminate/Container/Container.php(871): NunoMaduro\Collision\Adapters\Laravel\CollisionServiceProvider->NunoMaduro\Collision\Adapters\Laravel\{closure}()
#6 /srv/fragrance/vendor/laravel/framework/src/Illuminate/Container/Container.php(756): Illuminate\Container\Container->build()
#7 /srv/fragrance/vendor/laravel/framework/src/Illuminate/Foundation/Application.php(860): Illuminate\Container\Container->resolve()
#8 /srv/fragrance/vendor/laravel/framework/src/Illuminate/Container/Container.php(692): Illuminate\Foundation\Application->resolve()
#9 /srv/fragrance/vendor/laravel/framework/src/Illuminate/Foundation/Application.php(845): Illuminate\Container\Container->make()
#10 /srv/fragrance/vendor/nunomaduro/collision/src/Adapters/Laravel/ExceptionHandler.php(66): Illuminate\Foundation\Application->make()
#11 /srv/fragrance/vendor/laravel/framework/src/Illuminate/Foundation/Bootstrap/HandleExceptions.php(211): NunoMaduro\Collision\Adapters\Laravel\ExceptionHandler->renderForConsole()
#12 /srv/fragrance/vendor/laravel/framework/src/Illuminate/Foundation/Bootstrap/HandleExceptions.php(197): Illuminate\Foundation\Bootstrap\HandleExceptions->renderForConsole()
#13 /srv/fragrance/vendor/laravel/framework/src/Illuminate/Foundation/Bootstrap/HandleExceptions.php(259): Illuminate\Foundation\Bootstrap\HandleExceptions->handleException()
#14 [internal function]: Illuminate\Foundation\Bootstrap\HandleExceptions->Illuminate\Foundation\Bootstrap\{closure}()
#15 {main}
  thrown in /srv/fragrance/vendor/composer/ClassLoader.php on line 571
PHP Fatal error:  Uncaught ErrorException: include(/srv/fragrance/vendor/composer/../symfony/error-handler/Error/FatalError.php): Failed to open stream: No such file or directory in /srv/fragrance/vendor/composer/ClassLoader.php:571
Stack trace:
#0 /srv/fragrance/vendor/laravel/framework/src/Illuminate/Foundation/Bootstrap/HandleExceptions.php(259): Illuminate\Foundation\Bootstrap\HandleExceptions->handleError()
#1 /srv/fragrance/vendor/composer/ClassLoader.php(571): Illuminate\Foundation\Bootstrap\HandleExceptions->Illuminate\Foundation\Bootstrap\{closure}()
#2 /srv/fragrance/vendor/composer/ClassLoader.php(571): include('...')
#3 /srv/fragrance/vendor/composer/ClassLoader.php(428): Composer\Autoload\includeFile()
#4 /srv/fragrance/vendor/laravel/framework/src/Illuminate/Foundation/Bootstrap/HandleExceptions.php(248): Composer\Autoload\ClassLoader->loadClass()
#5 /srv/fragrance/vendor/laravel/framework/src/Illuminate/Foundation/Bootstrap/HandleExceptions.php(235): Illuminate\Foundation\Bootstrap\HandleExceptions->fatalErrorFromPhpError()
#6 /srv/fragrance/vendor/laravel/framework/src/Illuminate/Foundation/Bootstrap/HandleExceptions.php(259): Illuminate\Foundation\Bootstrap\HandleExceptions->handleShutdown()
#7 [internal function]: Illuminate\Foundation\Bootstrap\HandleExceptions->Illuminate\Foundation\Bootstrap\{closure}()
#8 {main}
  thrown in /srv/fragrance/vendor/composer/ClassLoader.php on line 571

   INFO  Server running on [http://188.225.42.19:8000].  

  Press Ctrl+C to stop the server

  2022-09-17 22:44:20 ................................................... ~ 1s
  2022-09-17 22:44:21 /css/app.css ...................................... ~ 0s
  2022-09-17 22:44:21 /favicon.ico ...................................... ~ 0s
  2022-09-17 22:44:21 ................................................... ~ 2s
  2022-09-17 22:44:23 /css/app.css ...................................... ~ 0s
  2022-09-17 22:44:23 /favicon.ico ...................................... ~ 0s
  2022-09-17 22:44:39 ................................................... ~ 0s
  2022-09-17 22:44:39 /css/app.css ...................................... ~ 0s
  2022-09-17 22:44:39 /favicon.ico ...................................... ~ 0s
  2022-09-17 22:44:40 ................................................... ~ 0s
  2022-09-17 22:44:40 /css/app.css ...................................... ~ 0s
  2022-09-17 22:44:40 /favicon.ico ...................................... ~ 0s
  2022-09-17 22:44:40 ................................................... ~ 0s
  2022-09-17 22:44:40 /css/app.css ...................................... ~ 0s
  2022-09-17 22:44:40 /favicon.ico ...................................... ~ 0s
  2022-09-17 22:44:40 ................................................... ~ 0s
  2022-09-17 22:44:40 /css/app.css ...................................... ~ 1s
  2022-09-17 22:44:41 /favicon.ico ...................................... ~ 0s
  2022-09-17 22:44:41 ................................................... ~ 0s
  2022-09-17 22:44:41 /css/app.css ...................................... ~ 0s
  2022-09-17 22:44:41 /favicon.ico ...................................... ~ 0s
  2022-09-17 22:44:41 ................................................... ~ 0s
  2022-09-17 22:44:41 /css/app.css ...................................... ~ 0s
  2022-09-17 22:44:41 /favicon.ico ...................................... ~ 0s
  2022-09-17 22:44:41 ................................................... ~ 0s
  2022-09-17 22:44:41 /css/app.css ...................................... ~ 0s
  2022-09-17 22:44:41 /favicon.ico ...................................... ~ 0s
  2022-09-17 22:44:41 ................................................... ~ 0s
  2022-09-17 22:44:41 /css/app.css ...................................... ~ 0s
  2022-09-17 22:44:41 /favicon.ico ...................................... ~ 0s
  2022-09-17 22:44:43 ................................................... ~ 0s
  2022-09-17 22:44:43 /css/app.css ...................................... ~ 0s
  2022-09-17 22:44:43 /favicon.ico ...................................... ~ 0s
  2022-09-17 22:44:44 ................................................... ~ 0s
  2022-09-17 22:44:44 /css/app.css ...................................... ~ 0s
  2022-09-17 22:44:44 /favicon.ico ...................................... ~ 0s
  2022-09-17 22:44:44 ................................................... ~ 0s
  2022-09-17 22:44:44 /css/app.css ...................................... ~ 0s
  2022-09-17 22:44:44 /favicon.ico ...................................... ~ 0s
  2022-09-17 22:44:44 ................................................... ~ 0s
  2022-09-17 22:44:44 /css/app.css ...................................... ~ 0s
  2022-09-17 22:44:44 /favicon.ico ...................................... ~ 0s
  2022-09-17 22:44:44 ................................................... ~ 0s
  2022-09-17 22:44:44 /css/app.css ...................................... ~ 0s
  2022-09-17 22:44:44 /favicon.ico ...................................... ~ 0s
  2022-09-17 22:44:46 ................................................... ~ 0s
  2022-09-17 22:44:46 /css/app.css ...................................... ~ 0s
  2022-09-17 22:44:46 /favicon.ico ...................................... ~ 0s
  2022-09-17 22:45:05 ................................................... ~ 6s
  2022-09-17 22:45:10 /css/app.css ...................................... ~ 1s
  2022-09-17 22:45:12 /favicon.ico ...................................... ~ 0s
  2022-09-17 22:45:13 .................................................. ~ 18s
  2022-09-17 22:45:32 /css/app.css ...................................... ~ 0s
  2022-09-17 22:45:32 /favicon.ico ...................................... ~ 0s
  2022-09-17 22:46:18 .................................................. ~ 63s
  2022-09-17 22:47:21 ................................................... ~ 1s
  2022-09-17 22:48:00 ................................................... ~ 0s
  2022-09-17 22:48:01 ................................................... ~ 0s
  2022-09-17 22:48:09 ................................................... ~ 0s
  2022-09-17 22:47:21 .................................................. ~ 72s
  2022-09-17 22:48:33 ................................................... ~ 0s
  2022-09-17 22:50:56 ................................................... ~ 0s
  2022-09-17 22:50:56 /css/app.css ...................................... ~ 0s
  2022-09-17 22:50:56 /favicon.ico ...................................... ~ 0s
  2022-09-17 22:51:12 ................................................... ~ 0s
  2022-09-17 23:01:05 ................................................... ~ 0s
  2022-09-17 23:01:46 ................................................... ~ 0s
  2022-09-17 23:01:53 ................................................... ~ 0s
  2022-09-17 23:02:17 ................................................... ~ 0s
  2022-09-17 23:13:00 ................................................... ~ 0s
  2022-09-17 23:13:15 ................................................... ~ 0s
  2022-09-17 23:13:51 ................................................... ~ 0s
  2022-09-17 23:16:28 ................................................... ~ 0s
  2022-09-17 23:16:55 ................................................... ~ 0s
  2022-09-17 23:16:55 /css/app.css ...................................... ~ 0s
  2022-09-17 23:16:55 /favicon.ico ...................................... ~ 0s
  2022-09-17 23:16:56 ................................................... ~ 0s
  2022-09-17 23:16:56 /css/app.css ...................................... ~ 0s
  2022-09-17 23:16:56 /favicon.ico ...................................... ~ 0s
  2022-09-17 23:16:56 ................................................... ~ 0s
  2022-09-17 23:16:56 /css/app.css ...................................... ~ 0s
  2022-09-17 23:16:56 /favicon.ico ...................................... ~ 0s
  2022-09-17 23:16:56 ................................................... ~ 0s
  2022-09-17 23:16:56 /css/app.css ...................................... ~ 0s
  2022-09-17 23:16:56 /favicon.ico ...................................... ~ 0s
  2022-09-17 23:16:56 ................................................... ~ 0s
  2022-09-17 23:16:56 /css/app.css ...................................... ~ 1s
  2022-09-17 23:16:57 /favicon.ico ...................................... ~ 0s
  2022-09-17 23:31:31 ................................................... ~ 0s
  2022-09-17 23:31:39 ................................................... ~ 0s
  2022-09-17 23:31:31 .................................................. ~ 77s
  2022-09-17 23:33:01 ................................................... ~ 0s
  2022-09-17 23:33:03 ................................................... ~ 0s
  2022-09-17 23:33:04 ................................................... ~ 1s
  2022-09-17 23:33:09 ................................................... ~ 0s
  2022-09-17 23:33:09 /css/app.css ...................................... ~ 0s
  2022-09-17 23:33:09 /favicon.ico ...................................... ~ 0s
  2022-09-17 23:33:48 ................................................... ~ 0s
  2022-09-17 23:33:50 ................................................... ~ 0s
  2022-09-17 23:34:15 ................................................... ~ 0s
  2022-09-17 23:36:35 ................................................... ~ 0s
  2022-09-17 23:36:35 /css/app.css ...................................... ~ 0s
  2022-09-17 23:36:36 /favicon.ico ...................................... ~ 0s
  2022-09-17 23:37:23 ................................................... ~ 0s
  2022-09-17 23:37:54 ................................................... ~ 0s
  2022-09-17 23:40:44 ................................................... ~ 0s
  2022-09-17 23:40:56 ................................................... ~ 0s
  2022-09-17 23:40:58 ................................................... ~ 0s
  2022-09-17 23:40:59 ................................................... ~ 0s
  2022-09-17 23:41:00 ................................................... ~ 0s
  2022-09-17 23:41:00 ................................................... ~ 0s
  2022-09-17 23:45:49 ................................................... ~ 0s
  2022-09-17 23:46:19 ................................................... ~ 0s
  2022-09-17 23:53:31 ................................................... ~ 0s
  2022-09-17 23:53:31 /css/app.css ...................................... ~ 0s
  2022-09-17 23:53:31 /favicon.ico ...................................... ~ 0s
  2022-09-17 23:53:32 ................................................... ~ 0s
  2022-09-17 23:53:32 /css/app.css ...................................... ~ 0s
  2022-09-17 23:53:32 /favicon.ico ...................................... ~ 0s
  2022-09-17 23:53:34 ................................................... ~ 0s
  2022-09-17 23:53:41 ................................................... ~ 0s
  2022-09-17 23:53:50 ................................................... ~ 0s
  2022-09-17 23:54:42 ................................................... ~ 0s
  2022-09-17 23:54:42 /css/app.css ...................................... ~ 0s
  2022-09-17 23:54:42 /favicon.ico ...................................... ~ 0s
  2022-09-17 23:54:43 ................................................... ~ 0s
  2022-09-17 23:54:43 /css/app.css ...................................... ~ 0s
  2022-09-17 23:54:43 /favicon.ico ...................................... ~ 0s
  2022-09-17 23:54:57 ................................................... ~ 0s
  2022-09-17 23:54:57 /css/app.css ...................................... ~ 0s
  2022-09-17 23:54:57 /favicon.ico ...................................... ~ 0s
  2022-09-17 23:54:58 ................................................... ~ 0s
  2022-09-17 23:54:58 /css/app.css ...................................... ~ 0s
  2022-09-17 23:54:58 /favicon.ico ...................................... ~ 0s
  2022-09-17 23:54:58 ................................................... ~ 0s
  2022-09-17 23:54:58 /css/app.css ...................................... ~ 0s
  2022-09-17 23:54:58 /favicon.ico ...................................... ~ 0s
  2022-09-17 23:54:58 ................................................... ~ 0s
  2022-09-17 23:54:58 /css/app.css ...................................... ~ 0s
  2022-09-17 23:54:58 ................................................... ~ 1s
  2022-09-17 23:54:59 /favicon.ico ...................................... ~ 0s
  2022-09-17 23:54:59 /css/app.css ...................................... ~ 0s
  2022-09-17 23:54:59 /favicon.ico ...................................... ~ 0s
  2022-09-17 23:54:59 ................................................... ~ 0s
  2022-09-17 23:54:59 /css/app.css ...................................... ~ 0s
  2022-09-17 23:54:59 /favicon.ico ...................................... ~ 0s
  2022-09-17 23:55:00 ................................................... ~ 0s
  2022-09-17 23:55:00 /css/app.css ...................................... ~ 0s
  2022-09-17 23:55:00 /favicon.ico ...................................... ~ 0s
  2022-09-17 23:55:03 ................................................... ~ 0s
  2022-09-17 23:55:04 ................................................... ~ 0s
  2022-09-17 23:55:47 ................................................... ~ 0s
  2022-09-17 23:55:48 .................................................. ~ 10s
  2022-09-17 23:56:07 ................................................... ~ 1s
  2022-09-17 23:56:07 /favicon.ico ...................................... ~ 1s
  2022-09-17 23:56:08 ................................................... ~ 0s
  2022-09-17 23:56:08 ................................................. ~ 159s
  2022-09-18 00:05:14 ................................................... ~ 0s
  2022-09-18 00:12:24 ................................................... ~ 0s
  2022-09-18 00:12:23 ................................................... ~ 5s
  2022-09-18 00:12:28 /css/app.css ...................................... ~ 0s
  2022-09-18 00:12:28 /favicon.ico ...................................... ~ 0s
  2022-09-18 00:12:30 ................................................... ~ 0s
  2022-09-18 00:12:30 /css/app.css ...................................... ~ 0s
  2022-09-18 00:12:30 /favicon.ico ...................................... ~ 0s
  2022-09-18 00:12:33 ................................................... ~ 0s
  2022-09-18 00:12:35 ................................................... ~ 0s
  2022-09-18 00:12:47 ................................................... ~ 0s
  2022-09-18 00:15:58 ................................................... ~ 0s
  2022-09-18 00:15:58 /css/app.css ...................................... ~ 0s
  2022-09-18 00:15:58 /favicon.ico ...................................... ~ 0s
  2022-09-18 00:16:09 ................................................... ~ 0s
  2022-09-18 00:16:12 ................................................... ~ 0s
  2022-09-18 00:16:57 ................................................... ~ 0s
  2022-09-18 00:16:57 /css/app.css ...................................... ~ 0s
  2022-09-18 00:16:57 /favicon.ico ...................................... ~ 0s
  2022-09-18 00:18:33 ................................................... ~ 0s
  2022-09-18 00:18:33 ................................................... ~ 0s
  2022-09-18 00:18:57 ................................................... ~ 0s
  2022-09-18 00:18:57 ................................................... ~ 0s
  2022-09-18 00:23:28 ................................................... ~ 0s
  2022-09-18 00:23:29 ................................................... ~ 0s
  2022-09-18 00:23:30 ................................................... ~ 0s
  2022-09-18 00:23:30 ................................................... ~ 0s
  2022-09-18 00:23:46 ................................................... ~ 0s
  2022-09-18 00:26:10 ................................................... ~ 0s
  2022-09-18 00:27:55 ................................................... ~ 0s
  2022-09-18 00:27:57 ................................................... ~ 0s
  2022-09-18 00:28:37 ................................................... ~ 0s
  2022-09-18 00:28:40 ................................................... ~ 0s
  2022-09-18 00:29:01 ................................................... ~ 0s
  2022-09-18 00:29:03 ................................................... ~ 0s
  2022-09-18 00:29:09 ................................................... ~ 0s
  2022-09-18 00:32:29 ................................................... ~ 0s
  2022-09-18 00:32:32 ................................................... ~ 0s
  2022-09-18 00:32:54 ................................................... ~ 0s
  2022-09-18 00:33:00 ................................................... ~ 0s
  2022-09-18 00:34:52 ................................................... ~ 0s
  2022-09-18 00:34:52 /css/app.css ...................................... ~ 1s
  2022-09-18 00:34:53 /favicon.ico ...................................... ~ 0s
  2022-09-18 00:34:54 ................................................... ~ 0s
  2022-09-18 00:34:54 /css/app.css ...................................... ~ 0s
  2022-09-18 00:34:58 ................................................... ~ 0s
  2022-09-18 00:34:58 /css/app.css ...................................... ~ 0s
  2022-09-18 00:34:59 ................................................... ~ 0s
  2022-09-18 00:34:59 /css/app.css ...................................... ~ 0s
  2022-09-18 00:35:00 ................................................... ~ 0s
  2022-09-18 00:35:00 /css/app.css ...................................... ~ 0s
  2022-09-18 00:35:07 ................................................... ~ 0s
  2022-09-18 00:35:07 /css/app.css ...................................... ~ 0s
  2022-09-18 00:35:07 ................................................... ~ 0s
  2022-09-18 00:35:07 /css/app.css ...................................... ~ 0s
  2022-09-18 00:35:08 ................................................... ~ 0s
  2022-09-18 00:35:08 /css/app.css ...................................... ~ 0s
  2022-09-18 00:35:09 ................................................... ~ 0s
  2022-09-18 00:35:09 /css/app.css ...................................... ~ 0s
  2022-09-18 00:35:27 ................................................... ~ 0s
  2022-09-18 00:35:27 /css/app.css ...................................... ~ 0s
  2022-09-18 00:35:27 /favicon.ico ...................................... ~ 0s
  2022-09-18 00:35:28 ................................................... ~ 0s
  2022-09-18 00:35:29 /css/app.css ...................................... ~ 0s
  2022-09-18 00:52:19 ................................................... ~ 0s
  2022-09-18 00:52:19 /css/app.css ...................................... ~ 0s
  2022-09-18 00:54:16 ................................................... ~ 0s
  2022-09-18 00:54:16 /css/app.css ...................................... ~ 0s
  2022-09-18 01:04:40 ................................................... ~ 0s
   WARN  192.241.216.43:52722 Invalid request (Unsupported SSL request).  

  2022-09-18 01:14:56 ................................................... ~ 0s
   INFO  Server running on [http://188.225.42.19:8001].  

  Press Ctrl+C to stop the server

   WARN  80.66.75.92:64811 Invalid request (Malformed HTTP request).  

  2022-09-18 05:11:41 ................................................... ~ 2s
   WARN  184.105.139.70:44924 Invalid request (Unsupported SSL request).  

  2022-09-18 11:40:10 ................................................... ~ 0s
  2022-09-18 13:59:19 ................................................... ~ 0s

   INFO  Server running on [http://188.225.42.19:8000].  

  Press Ctrl+C to stop the server

  2022-09-18 16:01:40 ................................................... ~ 0s
  2022-09-18 16:01:40 /css/app.css ...................................... ~ 0s
  2022-09-18 16:01:41 /favicon.ico ...................................... ~ 0s
  2022-09-18 16:01:43 ................................................... ~ 0s
  2022-09-18 16:01:43 /css/app.css ...................................... ~ 0s
  2022-09-18 16:01:43 /favicon.ico ...................................... ~ 0s
  2022-09-18 16:02:01 ................................................... ~ 0s
  2022-09-18 16:02:01 /css/app.css ...................................... ~ 0s
  2022-09-18 16:02:02 /favicon.ico ...................................... ~ 0s
  2022-09-18 16:02:02 ................................................... ~ 0s
  2022-09-18 16:02:02 /css/app.css ...................................... ~ 0s
  2022-09-18 16:02:02 /favicon.ico ...................................... ~ 0s
  2022-09-18 16:03:10 ................................................... ~ 0s
  2022-09-18 16:03:11 /css/app.css ...................................... ~ 0s
  2022-09-18 16:25:35 ................................................... ~ 0s
  2022-09-18 16:25:35 /favicon.ico ...................................... ~ 0s
  2022-09-18 16:25:51 ................................................... ~ 0s
  2022-09-18 16:25:51 /favicon.ico ...................................... ~ 0s
  2022-09-18 16:26:27 ................................................... ~ 0s
  2022-09-18 16:26:27 /favicon.ico ...................................... ~ 0s
  2022-09-18 16:26:33 ................................................... ~ 1s
  2022-09-18 16:26:34 /favicon.ico ...................................... ~ 0s
  2022-09-18 16:30:54 ................................................... ~ 0s
   WARN  167.248.133.119:60036 Invalid request (Connection reset by peer).  

  2022-09-18 16:57:35 ................................................... ~ 1s
  2022-09-18 16:57:36 ................................................... ~ 2s
  2022-09-18 16:57:38 ................................................... ~ 1s
   WARN  167.248.133.119:45184 Invalid request (Malformed HTTP request).  

  2022-09-18 16:57:39 ................................................... ~ 0s
  2022-09-18 17:30:51 .................................................. ~ 10s
  2022-09-18 17:34:46 ................................................... ~ 1s
  2022-09-18 17:34:47 /favicon.ico ...................................... ~ 0s
  2022-09-18 17:34:47 ................................................... ~ 8s
  2022-09-18 17:34:55 /favicon.ico ...................................... ~ 1s
  2022-09-18 17:35:10 ................................................... ~ 0s
  2022-09-18 17:35:10 /favicon.ico ...................................... ~ 1s
  2022-09-18 17:35:33 ................................................... ~ 0s
  2022-09-18 17:35:33 /css/app.css ...................................... ~ 0s
  2022-09-18 17:35:33 /favicon.ico ...................................... ~ 0s
  2022-09-18 17:36:45 ................................................... ~ 0s
  2022-09-18 17:36:53 ................................................... ~ 0s
  2022-09-18 17:36:53 /css/app.css ...................................... ~ 0s
  2022-09-18 17:37:02 ................................................... ~ 0s
  2022-09-18 17:37:02 /css/app.css ...................................... ~ 0s
  2022-09-18 17:37:31 ................................................... ~ 0s
  2022-09-18 17:37:31 /css/app.css ...................................... ~ 0s
  2022-09-18 17:45:59 ................................................... ~ 0s
  2022-09-18 17:45:59 /css/app.css ...................................... ~ 0s
  2022-09-18 19:54:44 ................................................... ~ 0s
  2022-09-18 19:54:44 /css/app.css ...................................... ~ 0s
   WARN  162.142.125.10:37980 Invalid request (Connection reset by peer).  

  2022-09-18 21:55:48 ................................................... ~ 1s
  2022-09-18 21:55:49 ................................................... ~ 2s
  2022-09-18 21:55:51 ................................................... ~ 1s
   WARN  162.142.125.10:36494 Invalid request (Malformed HTTP request).  

  2022-09-18 21:55:52 ................................................... ~ 0s
  2022-09-18 21:55:53 /favicon.ico ...................................... ~ 0s
  2022-09-18 22:38:37 ................................................... ~ 1s
  2022-09-18 23:49:37 ................................................... ~ 0s
  2022-09-18 23:49:37 /css/app.css ...................................... ~ 0s
   WARN  152.172.179.152:59666 Invalid request (Malformed HTTP request).  

  2022-09-19 04:49:42 ................................................... ~ 0s
  2022-09-19 05:23:51 ................................................... ~ 0s
   WARN  152.172.179.152:55546 Invalid request (Malformed HTTP request).  

  2022-09-19 05:53:25 ................................................... ~ 0s
   WARN  104.152.52.200:56911 Invalid request (Connection reset by peer).  

  2022-09-19 06:08:43 .................................................. ~ 31s
  2022-09-19 07:19:48 ................................................... ~ 0s
  2022-09-19 07:19:48 /css/app.css ...................................... ~ 0s
  2022-09-19 07:25:50 ................................................... ~ 0s
  2022-09-19 07:25:50 /css/app.css ...................................... ~ 0s
  2022-09-19 07:25:57 ................................................... ~ 0s
  2022-09-19 07:25:57 /css/app.css ...................................... ~ 0s
   WARN  152.172.179.152:61938 Invalid request (Malformed HTTP request).  

  2022-09-19 08:13:12 ................................................... ~ 0s
  2022-09-19 08:57:54 ................................................... ~ 0s
